<?xml version="1.0" encoding="UTF-8"?>
<!-- Generated by org.testng.reporters.JUnitReportReporter -->
<testsuite skipped="0" hostname="RSULL-3788L-BRM" name="raysullivan.unitTest.TestUIOperation" tests="37" failures="0" timestamp="2 Dec 2016 22:08:52 GMT" time="0.085" errors="0">
  <testcase name="TestValidateAssertVariablesInvalid" time="0.000" classname="raysullivan.unitTest.TestUIOperation"/>
  <testcase name="TestGetObject" time="0.001" classname="raysullivan.unitTest.TestUIOperation"/>
  <testcase name="TestValidateAssertVariables" time="0.001" classname="raysullivan.unitTest.TestUIOperation"/>
  <testcase name="TestValidateAssertVariablesInvalid" time="0.000" classname="raysullivan.unitTest.TestUIOperation"/>
  <testcase name="TestValidateAssertVariablesInvalid" time="0.001" classname="raysullivan.unitTest.TestUIOperation"/>
  <testcase name="TestGetObject" time="0.001" classname="raysullivan.unitTest.TestUIOperation"/>
  <testcase name="TestValidateVar" time="0.000" classname="raysullivan.unitTest.TestUIOperation"/>
  <testcase name="TestValidateAssertVariablesInvalid" time="0.000" classname="raysullivan.unitTest.TestUIOperation"/>
  <testcase name="TestValidateAssertVariablesInvalid" time="0.009" classname="raysullivan.unitTest.TestUIOperation"/>
  <testcase name="TestValidateVarInvalid" time="0.000" classname="raysullivan.unitTest.TestUIOperation"/>
  <testcase name="TestGetObjectInvalid" time="0.000" classname="raysullivan.unitTest.TestUIOperation"/>
  <testcase name="TestGetObjectInvalid" time="0.000" classname="raysullivan.unitTest.TestUIOperation"/>
  <testcase name="TestValidateVar" time="0.000" classname="raysullivan.unitTest.TestUIOperation"/>
  <testcase name="TestGetObject" time="0.033" classname="raysullivan.unitTest.TestUIOperation"/>
  <testcase name="TestValidateAssertVariablesInvalid" time="0.000" classname="raysullivan.unitTest.TestUIOperation"/>
  <testcase name="TestValidateAssertVariablesInvalid" time="0.000" classname="raysullivan.unitTest.TestUIOperation"/>
  <testcase name="TestValidateAssertVariablesInvalid" time="0.000" classname="raysullivan.unitTest.TestUIOperation"/>
  <testcase name="TestGetObject" time="0.001" classname="raysullivan.unitTest.TestUIOperation"/>
  <testcase name="TestCreateVar" time="0.000" classname="raysullivan.unitTest.TestUIOperation"/>
  <testcase name="TestValidateAssertVariablesInvalid" time="0.000" classname="raysullivan.unitTest.TestUIOperation"/>
  <testcase name="TestValidateVarInvalid" time="0.001" classname="raysullivan.unitTest.TestUIOperation"/>
  <testcase name="TestValidateVar" time="0.005" classname="raysullivan.unitTest.TestUIOperation"/>
  <testcase name="TestValidateAssertVariablesInvalid" time="0.001" classname="raysullivan.unitTest.TestUIOperation"/>
  <testcase name="TestCreateVar" time="0.000" classname="raysullivan.unitTest.TestUIOperation"/>
  <testcase name="TestValidateAssertVariablesInvalid" time="0.012" classname="raysullivan.unitTest.TestUIOperation"/>
  <testcase name="TestValidateVarInvalid" time="0.000" classname="raysullivan.unitTest.TestUIOperation"/>
  <testcase name="TestGetObject" time="0.000" classname="raysullivan.unitTest.TestUIOperation"/>
  <testcase name="TestValidateAssertVariablesInvalid" time="0.014" classname="raysullivan.unitTest.TestUIOperation"/>
  <testcase name="TestGetObject" time="0.001" classname="raysullivan.unitTest.TestUIOperation"/>
  <testcase name="TestValidateAssertVariablesInvalid" time="0.001" classname="raysullivan.unitTest.TestUIOperation"/>
  <testcase name="TestCreateVarInvalid" time="0.000" classname="raysullivan.unitTest.TestUIOperation"/>
  <testcase name="TestGetObject" time="0.000" classname="raysullivan.unitTest.TestUIOperation"/>
  <testcase name="TestValidateAssertVariablesInvalid" time="0.001" classname="raysullivan.unitTest.TestUIOperation"/>
  <testcase name="TestValidateAssertVariables" time="0.000" classname="raysullivan.unitTest.TestUIOperation"/>
  <testcase name="TestCreateVar" time="0.001" classname="raysullivan.unitTest.TestUIOperation"/>
  <testcase name="TestGetObject" time="0.001" classname="raysullivan.unitTest.TestUIOperation"/>
  <testcase name="TestCreateVarInvalid" time="0.000" classname="raysullivan.unitTest.TestUIOperation"/>
</testsuite> <!-- raysullivan.unitTest.TestUIOperation -->
