<?xml version="1.0" encoding="UTF-8"?>
<!-- Generated by org.testng.reporters.JUnitReportReporter -->
<testsuite skipped="0" hostname="RSULL-3788L-BRM" name="raysullivan.unitTest.TestAutomationDriverOperationAssert" tests="54" failures="0" timestamp="2 Dec 2016 22:08:52 GMT" time="0.255" errors="0">
  <testcase name="AssertNotContainsTestInvalid" time="0.010" classname="raysullivan.unitTest.TestAutomationDriverOperationAssert"/>
  <testcase name="AssertNotEqualsTestInvalid" time="0.000" classname="raysullivan.unitTest.TestAutomationDriverOperationAssert"/>
  <testcase name="AssertNotContainsTestInvalid" time="0.001" classname="raysullivan.unitTest.TestAutomationDriverOperationAssert"/>
  <testcase name="AssertContainsTestValid" time="0.011" classname="raysullivan.unitTest.TestAutomationDriverOperationAssert"/>
  <testcase name="AssertNotContainsTestInvalid" time="0.000" classname="raysullivan.unitTest.TestAutomationDriverOperationAssert"/>
  <testcase name="AssertNotEqualsTestInvalid" time="0.002" classname="raysullivan.unitTest.TestAutomationDriverOperationAssert"/>
  <testcase name="AssertNotContainsTestInvalid" time="0.008" classname="raysullivan.unitTest.TestAutomationDriverOperationAssert"/>
  <testcase name="AssertEqualTestInvalid" time="0.001" classname="raysullivan.unitTest.TestAutomationDriverOperationAssert"/>
  <testcase name="AssertNotContainsTestInvalid" time="0.005" classname="raysullivan.unitTest.TestAutomationDriverOperationAssert"/>
  <testcase name="AssertNotContainsTestInvalid" time="0.020" classname="raysullivan.unitTest.TestAutomationDriverOperationAssert"/>
  <testcase name="AssertNotEqualsTestInvalid" time="0.001" classname="raysullivan.unitTest.TestAutomationDriverOperationAssert"/>
  <testcase name="AssertEqualTestInvalid" time="0.001" classname="raysullivan.unitTest.TestAutomationDriverOperationAssert"/>
  <testcase name="AssertContainsTestValid" time="0.001" classname="raysullivan.unitTest.TestAutomationDriverOperationAssert"/>
  <testcase name="AssertNotEqualTestValid" time="0.000" classname="raysullivan.unitTest.TestAutomationDriverOperationAssert"/>
  <testcase name="AssertNotContainsTestInvalid" time="0.007" classname="raysullivan.unitTest.TestAutomationDriverOperationAssert"/>
  <testcase name="AssertEqualTestInvalid" time="0.001" classname="raysullivan.unitTest.TestAutomationDriverOperationAssert"/>
  <testcase name="AssertEqualTestValid" time="0.001" classname="raysullivan.unitTest.TestAutomationDriverOperationAssert"/>
  <testcase name="AssertNotEqualsTestInvalid" time="0.000" classname="raysullivan.unitTest.TestAutomationDriverOperationAssert"/>
  <testcase name="AssertNotContainsTestInvalid" time="0.000" classname="raysullivan.unitTest.TestAutomationDriverOperationAssert"/>
  <testcase name="AssertNotEqualsTestInvalid" time="0.000" classname="raysullivan.unitTest.TestAutomationDriverOperationAssert"/>
  <testcase name="AssertNotEqualsTestInvalid" time="0.001" classname="raysullivan.unitTest.TestAutomationDriverOperationAssert"/>
  <testcase name="AssertNotContainsTestInvalid" time="0.010" classname="raysullivan.unitTest.TestAutomationDriverOperationAssert"/>
  <testcase name="AssertNotEqualsTestInvalid" time="0.000" classname="raysullivan.unitTest.TestAutomationDriverOperationAssert"/>
  <testcase name="AssertEqualTestInvalid" time="0.002" classname="raysullivan.unitTest.TestAutomationDriverOperationAssert"/>
  <testcase name="AssertEqualTestInvalid" time="0.009" classname="raysullivan.unitTest.TestAutomationDriverOperationAssert"/>
  <testcase name="AssertEqualTestInvalid" time="0.065" classname="raysullivan.unitTest.TestAutomationDriverOperationAssert"/>
  <testcase name="AssertNotEqualsTestInvalid" time="0.009" classname="raysullivan.unitTest.TestAutomationDriverOperationAssert"/>
  <testcase name="AssertEqualTestInvalid" time="0.001" classname="raysullivan.unitTest.TestAutomationDriverOperationAssert"/>
  <testcase name="AssertEqualTestValid" time="0.000" classname="raysullivan.unitTest.TestAutomationDriverOperationAssert"/>
  <testcase name="AssertNotContainsTestInvalid" time="0.000" classname="raysullivan.unitTest.TestAutomationDriverOperationAssert"/>
  <testcase name="AssertNotEqualsTestInvalid" time="0.003" classname="raysullivan.unitTest.TestAutomationDriverOperationAssert"/>
  <testcase name="AssertEqualTestInvalid" time="0.020" classname="raysullivan.unitTest.TestAutomationDriverOperationAssert"/>
  <testcase name="AssertNotEqualTestValid" time="0.003" classname="raysullivan.unitTest.TestAutomationDriverOperationAssert"/>
  <testcase name="AssertNotEqualsTestInvalid" time="0.001" classname="raysullivan.unitTest.TestAutomationDriverOperationAssert"/>
  <testcase name="AssertNotEqualsTestInvalid" time="0.001" classname="raysullivan.unitTest.TestAutomationDriverOperationAssert"/>
  <testcase name="AssertNotEqualsTestInvalid" time="0.001" classname="raysullivan.unitTest.TestAutomationDriverOperationAssert"/>
  <testcase name="AssertEqualTestInvalid" time="0.001" classname="raysullivan.unitTest.TestAutomationDriverOperationAssert"/>
  <testcase name="AssertNotContainsTestInvalid" time="0.001" classname="raysullivan.unitTest.TestAutomationDriverOperationAssert"/>
  <testcase name="AssertNotContainsTestInvalid" time="0.001" classname="raysullivan.unitTest.TestAutomationDriverOperationAssert"/>
  <testcase name="AssertEqualTestInvalid" time="0.000" classname="raysullivan.unitTest.TestAutomationDriverOperationAssert"/>
  <testcase name="AssertEqualTestInvalid" time="0.001" classname="raysullivan.unitTest.TestAutomationDriverOperationAssert"/>
  <testcase name="AssertEqualTestInvalid" time="0.000" classname="raysullivan.unitTest.TestAutomationDriverOperationAssert"/>
  <testcase name="AssertEqualTestInvalid" time="0.000" classname="raysullivan.unitTest.TestAutomationDriverOperationAssert"/>
  <testcase name="AssertNotEqualsTestInvalid" time="0.016" classname="raysullivan.unitTest.TestAutomationDriverOperationAssert"/>
  <testcase name="AssertNotEqualsTestInvalid" time="0.003" classname="raysullivan.unitTest.TestAutomationDriverOperationAssert"/>
  <testcase name="AssertNotContainsTestInvalid" time="0.000" classname="raysullivan.unitTest.TestAutomationDriverOperationAssert"/>
  <testcase name="AssertNotContainsTestInvalid" time="0.003" classname="raysullivan.unitTest.TestAutomationDriverOperationAssert"/>
  <testcase name="AssertEqualTestInvalid" time="0.001" classname="raysullivan.unitTest.TestAutomationDriverOperationAssert"/>
  <testcase name="AssertEqualTestInvalid" time="0.017" classname="raysullivan.unitTest.TestAutomationDriverOperationAssert"/>
  <testcase name="AssertNotContainsTestInvalid" time="0.002" classname="raysullivan.unitTest.TestAutomationDriverOperationAssert"/>
  <testcase name="AssertNotEqualsTestInvalid" time="0.000" classname="raysullivan.unitTest.TestAutomationDriverOperationAssert"/>
  <testcase name="AssertEqualTestInvalid" time="0.001" classname="raysullivan.unitTest.TestAutomationDriverOperationAssert"/>
  <testcase name="AssertNotEqualsTestInvalid" time="0.007" classname="raysullivan.unitTest.TestAutomationDriverOperationAssert"/>
  <testcase name="AssertNotContainsTestInvalid" time="0.005" classname="raysullivan.unitTest.TestAutomationDriverOperationAssert"/>
</testsuite> <!-- raysullivan.unitTest.TestAutomationDriverOperationAssert -->
