<?xml version="1.0" encoding="UTF-8"?>
<!-- Generated by org.testng.reporters.JUnitReportReporter -->
<testsuite skipped="0" hostname="RSULL-3788L-BRM" name="raysullivan.unitTest.TestGenerateEncryptedString" tests="52" failures="0" timestamp="2 Dec 2016 22:08:52 GMT" time="5.393" errors="0">
  <testcase name="encryptBCryptString" time="0.312" classname="raysullivan.unitTest.TestGenerateEncryptedString"/>
  <testcase name="invalidDecryptAESString" time="0.001" classname="raysullivan.unitTest.TestGenerateEncryptedString"/>
  <testcase name="invalidencryptBCryptString" time="0.316" classname="raysullivan.unitTest.TestGenerateEncryptedString"/>
  <testcase name="decryptAESString" time="0.001" classname="raysullivan.unitTest.TestGenerateEncryptedString"/>
  <testcase name="decryptAESString" time="0.020" classname="raysullivan.unitTest.TestGenerateEncryptedString"/>
  <testcase name="encryptAESString" time="0.001" classname="raysullivan.unitTest.TestGenerateEncryptedString"/>
  <testcase name="encryptBCryptString" time="0.317" classname="raysullivan.unitTest.TestGenerateEncryptedString"/>
  <testcase name="invalidDecryptAESString" time="0.001" classname="raysullivan.unitTest.TestGenerateEncryptedString"/>
  <testcase name="encryptAESString" time="0.001" classname="raysullivan.unitTest.TestGenerateEncryptedString"/>
  <testcase name="encryptAESString" time="0.000" classname="raysullivan.unitTest.TestGenerateEncryptedString"/>
  <testcase name="encryptAESString" time="0.001" classname="raysullivan.unitTest.TestGenerateEncryptedString"/>
  <testcase name="invalidencryptBCryptString" time="0.315" classname="raysullivan.unitTest.TestGenerateEncryptedString"/>
  <testcase name="decryptBadAESString" time="0.000" classname="raysullivan.unitTest.TestGenerateEncryptedString"/>
  <testcase name="encryptAESString" time="0.001" classname="raysullivan.unitTest.TestGenerateEncryptedString"/>
  <testcase name="encryptBCryptString" time="0.314" classname="raysullivan.unitTest.TestGenerateEncryptedString"/>
  <testcase name="invalidEncryptAESString" time="0.001" classname="raysullivan.unitTest.TestGenerateEncryptedString"/>
  <testcase name="decryptBadAESString" time="0.000" classname="raysullivan.unitTest.TestGenerateEncryptedString"/>
  <testcase name="decryptAESString" time="0.001" classname="raysullivan.unitTest.TestGenerateEncryptedString"/>
  <testcase name="invalidDecryptAESString" time="0.210" classname="raysullivan.unitTest.TestGenerateEncryptedString"/>
  <testcase name="invalidEncryptAESString" time="0.001" classname="raysullivan.unitTest.TestGenerateEncryptedString"/>
  <testcase name="invalidencryptBCryptString" time="0.315" classname="raysullivan.unitTest.TestGenerateEncryptedString"/>
  <testcase name="invalidDecryptAESString" time="0.001" classname="raysullivan.unitTest.TestGenerateEncryptedString"/>
  <testcase name="decryptAESString" time="0.001" classname="raysullivan.unitTest.TestGenerateEncryptedString"/>
  <testcase name="invalidDecryptAESString" time="0.001" classname="raysullivan.unitTest.TestGenerateEncryptedString"/>
  <testcase name="invalidEncryptAESString" time="0.001" classname="raysullivan.unitTest.TestGenerateEncryptedString"/>
  <testcase name="decryptBadAESString" time="0.000" classname="raysullivan.unitTest.TestGenerateEncryptedString"/>
  <testcase name="invalidDecryptAESString" time="0.001" classname="raysullivan.unitTest.TestGenerateEncryptedString"/>
  <testcase name="encryptBCryptString" time="0.380" classname="raysullivan.unitTest.TestGenerateEncryptedString"/>
  <testcase name="invalidencryptBCryptString" time="0.331" classname="raysullivan.unitTest.TestGenerateEncryptedString"/>
  <testcase name="decryptAESString" time="0.001" classname="raysullivan.unitTest.TestGenerateEncryptedString"/>
  <testcase name="invalidencryptBCryptString" time="0.318" classname="raysullivan.unitTest.TestGenerateEncryptedString"/>
  <testcase name="invalidencryptBCryptString" time="0.315" classname="raysullivan.unitTest.TestGenerateEncryptedString"/>
  <testcase name="encryptAESString" time="0.001" classname="raysullivan.unitTest.TestGenerateEncryptedString"/>
  <testcase name="encryptBCryptString" time="0.315" classname="raysullivan.unitTest.TestGenerateEncryptedString"/>
  <testcase name="decryptBadAESString" time="0.000" classname="raysullivan.unitTest.TestGenerateEncryptedString"/>
  <testcase name="invalidEncryptAESString" time="0.001" classname="raysullivan.unitTest.TestGenerateEncryptedString"/>
  <testcase name="decryptAESString" time="0.000" classname="raysullivan.unitTest.TestGenerateEncryptedString"/>
  <testcase name="invalidEncryptAESString" time="0.001" classname="raysullivan.unitTest.TestGenerateEncryptedString"/>
  <testcase name="decryptBadAESString" time="0.000" classname="raysullivan.unitTest.TestGenerateEncryptedString"/>
  <testcase name="decryptBadAESString" time="0.000" classname="raysullivan.unitTest.TestGenerateEncryptedString"/>
  <testcase name="encryptAESString" time="0.001" classname="raysullivan.unitTest.TestGenerateEncryptedString"/>
  <testcase name="decryptAESString" time="0.001" classname="raysullivan.unitTest.TestGenerateEncryptedString"/>
  <testcase name="decryptBadAESString" time="0.002" classname="raysullivan.unitTest.TestGenerateEncryptedString"/>
  <testcase name="decryptBadAESString" time="0.001" classname="raysullivan.unitTest.TestGenerateEncryptedString"/>
  <testcase name="decryptAESString" time="0.001" classname="raysullivan.unitTest.TestGenerateEncryptedString"/>
  <testcase name="decryptAESString" time="0.001" classname="raysullivan.unitTest.TestGenerateEncryptedString"/>
  <testcase name="invalidencryptBCryptString" time="0.315" classname="raysullivan.unitTest.TestGenerateEncryptedString"/>
  <testcase name="encryptBCryptString" time="0.315" classname="raysullivan.unitTest.TestGenerateEncryptedString"/>
  <testcase name="encryptBCryptString" time="0.318" classname="raysullivan.unitTest.TestGenerateEncryptedString"/>
  <testcase name="encryptAESString" time="0.001" classname="raysullivan.unitTest.TestGenerateEncryptedString"/>
  <testcase name="invalidencryptBCryptString" time="0.317" classname="raysullivan.unitTest.TestGenerateEncryptedString"/>
  <testcase name="encryptBCryptString" time="0.323" classname="raysullivan.unitTest.TestGenerateEncryptedString"/>
</testsuite> <!-- raysullivan.unitTest.TestGenerateEncryptedString -->
